2023-08-06 06:17:25.320699 - Initialized conversion of CBT656
2023-08-06 06:17:26.408390 - Received CBT.V505.FILE656.PDS from FILE656.XMI 
2023-08-06 06:17:26.410785 - Found $.rexx (text/plain) in CBT.V505.FILE656.PDS, moved to PDS/$
2023-08-06 06:17:26.411763 - Found $$$#DATE.txt (text/plain) in CBT.V505.FILE656.PDS, moved to PDS/$$$#DATE
2023-08-06 06:17:26.412912 - Found $INDEX.txt (text/plain) in CBT.V505.FILE656.PDS, moved to PDS/$INDEX
2023-08-06 06:17:26.413915 - Found $README.txt (text/plain) in CBT.V505.FILE656.PDS, moved to PDS/$README
2023-08-06 06:17:26.414952 - Found @FILE656.txt (text/plain) in CBT.V505.FILE656.PDS, moved to PDS/@FILE656
2023-08-06 06:17:26.415867 - Found ALT.rexx (text/plain) in CBT.V505.FILE656.PDS, moved to PDS/ALT
2023-08-06 06:17:26.416729 - Found AMBCLIST.txt (text/plain) in CBT.V505.FILE656.PDS, moved to PDS/AMBCLIST
2023-08-06 06:17:26.417630 - Found AMBPNL.txt (text/plain) in CBT.V505.FILE656.PDS, moved to PDS/AMBPNL
2023-08-06 06:17:26.418536 - Found APLBOX.rexx (text/plain) in CBT.V505.FILE656.PDS, moved to PDS/APLBOX
2023-08-06 06:17:26.419467 - Found BATCHPDF.rexx (text/plain) in CBT.V505.FILE656.PDS, moved to PDS/BATCHPDF
2023-08-06 06:17:26.420339 - Found BATCHSMS.rexx (text/plain) in CBT.V505.FILE656.PDS, moved to PDS/BATCHSMS
2023-08-06 06:17:26.421216 - Found BTSO.rexx (text/plain) in CBT.V505.FILE656.PDS, moved to PDS/BTSO
2023-08-06 06:17:26.422157 - Found CDATE.rexx (text/plain) in CBT.V505.FILE656.PDS, moved to PDS/CDATE
2023-08-06 06:17:26.423137 - Found CDATEPNL.txt (text/plain) in CBT.V505.FILE656.PDS, moved to PDS/CDATEPNL
2023-08-06 06:17:26.423991 - Found CE.rexx (text/plain) in CBT.V505.FILE656.PDS, moved to PDS/CE
2023-08-06 06:17:26.424945 - Found CHANGE.rexx (text/plain) in CBT.V505.FILE656.PDS, moved to PDS/CHANGE
2023-08-06 06:17:26.425850 - Found CHECKVOL.rexx (text/plain) in CBT.V505.FILE656.PDS, moved to PDS/CHECKVOL
2023-08-06 06:17:26.426800 - Found COLADD.rexx (text/plain) in CBT.V505.FILE656.PDS, moved to PDS/COLADD
2023-08-06 06:17:26.427724 - Found COM.rexx (text/plain) in CBT.V505.FILE656.PDS, moved to PDS/COM
2023-08-06 06:17:26.428631 - Found COMPACT.rexx (text/plain) in CBT.V505.FILE656.PDS, moved to PDS/COMPACT
2023-08-06 06:17:26.429484 - Found COMREX.rexx (text/plain) in CBT.V505.FILE656.PDS, moved to PDS/COMREX
2023-08-06 06:17:26.430393 - Found COMSQL.rexx (text/plain) in CBT.V505.FILE656.PDS, moved to PDS/COMSQL
2023-08-06 06:17:26.431263 - Found COPYPEND.rexx (text/plain) in CBT.V505.FILE656.PDS, moved to PDS/COPYPEND
2023-08-06 06:17:26.432130 - Found COUNT.rexx (text/plain) in CBT.V505.FILE656.PDS, moved to PDS/COUNT
2023-08-06 06:17:26.433025 - Found CURPOS.rexx (text/plain) in CBT.V505.FILE656.PDS, moved to PDS/CURPOS
2023-08-06 06:17:26.433890 - Found CURRGEN.rexx (text/plain) in CBT.V505.FILE656.PDS, moved to PDS/CURRGEN
2023-08-06 06:17:26.434844 - Found CX.rexx (text/plain) in CBT.V505.FILE656.PDS, moved to PDS/CX
2023-08-06 06:17:26.435707 - Found DB2PEND.txt (text/plain) in CBT.V505.FILE656.PDS, moved to PDS/DB2PEND
2023-08-06 06:17:26.436547 - Found DB2SPNL.txt (text/plain) in CBT.V505.FILE656.PDS, moved to PDS/DB2SPNL
2023-08-06 06:17:26.437411 - Found DB2TPNL.txt (text/plain) in CBT.V505.FILE656.PDS, moved to PDS/DB2TPNL
2023-08-06 06:17:26.438276 - Found DB2UTIL.txt (text/plain) in CBT.V505.FILE656.PDS, moved to PDS/DB2UTIL
2023-08-06 06:17:26.439142 - Found DEAL.rexx (text/plain) in CBT.V505.FILE656.PDS, moved to PDS/DEAL
2023-08-06 06:17:26.439985 - Found DEBUGCMD.rexx (text/plain) in CBT.V505.FILE656.PDS, moved to PDS/DEBUGCMD
2023-08-06 06:17:26.440840 - Found DEFVSAM.rexx (text/plain) in CBT.V505.FILE656.PDS, moved to PDS/DEFVSAM
2023-08-06 06:17:26.441743 - Found DELAY.rexx (text/plain) in CBT.V505.FILE656.PDS, moved to PDS/DELAY
2023-08-06 06:17:26.442623 - Found DELDUPE.rexx (text/plain) in CBT.V505.FILE656.PDS, moved to PDS/DELDUPE
2023-08-06 06:17:26.443469 - Found DELMEM.rexx (text/plain) in CBT.V505.FILE656.PDS, moved to PDS/DELMEM
2023-08-06 06:17:26.444339 - Found DESC.rexx (text/plain) in CBT.V505.FILE656.PDS, moved to PDS/DESC
2023-08-06 06:17:26.445287 - Found DIR.rexx (text/plain) in CBT.V505.FILE656.PDS, moved to PDS/DIR
2023-08-06 06:17:26.446210 - Found DIRPNL.txt (text/plain) in CBT.V505.FILE656.PDS, moved to PDS/DIRPNL
2023-08-06 06:17:26.447092 - Found DISPPEND.rexx (text/plain) in CBT.V505.FILE656.PDS, moved to PDS/DISPPEND
2023-08-06 06:17:26.447925 - Found DISPUTIL.rexx (text/plain) in CBT.V505.FILE656.PDS, moved to PDS/DISPUTIL
2023-08-06 06:17:26.448811 - Found DSN.txt (text/plain) in CBT.V505.FILE656.PDS, moved to PDS/DSN
2023-08-06 06:17:26.449677 - Found DSNREXX.rexx (text/plain) in CBT.V505.FILE656.PDS, moved to PDS/DSNREXX
2023-08-06 06:17:26.450592 - Found DSNTIAUL.rexx (text/plain) in CBT.V505.FILE656.PDS, moved to PDS/DSNTIAUL
2023-08-06 06:17:26.451447 - Found DYN.rexx (text/plain) in CBT.V505.FILE656.PDS, moved to PDS/DYN
2023-08-06 06:17:26.452317 - Found DYNAREA.txt (text/plain) in CBT.V505.FILE656.PDS, moved to PDS/DYNAREA
2023-08-06 06:17:26.453290 - Found EDITALL.rexx (text/plain) in CBT.V505.FILE656.PDS, moved to PDS/EDITALL
2023-08-06 06:17:26.454180 - Found EMPTYPDS.rexx (text/plain) in CBT.V505.FILE656.PDS, moved to PDS/EMPTYPDS
2023-08-06 06:17:26.455048 - Found EOF.rexx (text/plain) in CBT.V505.FILE656.PDS, moved to PDS/EOF
2023-08-06 06:17:26.455898 - Found EOL.rexx (text/plain) in CBT.V505.FILE656.PDS, moved to PDS/EOL
2023-08-06 06:17:26.456728 - Found FINDMOD.rexx (text/plain) in CBT.V505.FILE656.PDS, moved to PDS/FINDMOD
2023-08-06 06:17:26.457604 - Found FOCERR.rexx (text/plain) in CBT.V505.FILE656.PDS, moved to PDS/FOCERR
2023-08-06 06:17:26.458504 - Found FRAGPNL.txt (text/plain) in CBT.V505.FILE656.PDS, moved to PDS/FRAGPNL
2023-08-06 06:17:26.459413 - Found GDGL.rexx (text/plain) in CBT.V505.FILE656.PDS, moved to PDS/GDGL
2023-08-06 06:17:26.460311 - Found GE.rexx (text/plain) in CBT.V505.FILE656.PDS, moved to PDS/GE
2023-08-06 06:17:26.461195 - Found GEBAR.rexx (text/plain) in CBT.V505.FILE656.PDS, moved to PDS/GEBAR
2023-08-06 06:17:26.462259 - Found GEBARPNL.txt (text/plain) in CBT.V505.FILE656.PDS, moved to PDS/GEBARPNL
2023-08-06 06:17:26.463146 - Found GEBARR.rexx (text/plain) in CBT.V505.FILE656.PDS, moved to PDS/GEBARR
2023-08-06 06:17:26.464006 - Found GEPNL.txt (text/plain) in CBT.V505.FILE656.PDS, moved to PDS/GEPNL
2023-08-06 06:17:26.464986 - Found GMT.rexx (text/plain) in CBT.V505.FILE656.PDS, moved to PDS/GMT
2023-08-06 06:17:26.465981 - Found GOTCHAS.txt (text/plain) in CBT.V505.FILE656.PDS, moved to PDS/GOTCHAS
2023-08-06 06:17:26.466921 - Found GREP.rexx (text/plain) in CBT.V505.FILE656.PDS, moved to PDS/GREP
2023-08-06 06:17:26.467985 - Found HIST.rexx (text/plain) in CBT.V505.FILE656.PDS, moved to PDS/HIST
2023-08-06 06:17:26.469038 - Found HISTPNL.txt (text/plain) in CBT.V505.FILE656.PDS, moved to PDS/HISTPNL
2023-08-06 06:17:26.470070 - Found HOLD.rexx (text/plain) in CBT.V505.FILE656.PDS, moved to PDS/HOLD
2023-08-06 06:17:26.470952 - Found HOLD2.rexx (text/plain) in CBT.V505.FILE656.PDS, moved to PDS/HOLD2
2023-08-06 06:17:26.471899 - Found HR.rexx (text/plain) in CBT.V505.FILE656.PDS, moved to PDS/HR
2023-08-06 06:17:26.472717 - Found HREC.rexx (text/plain) in CBT.V505.FILE656.PDS, moved to PDS/HREC
2023-08-06 06:17:26.473700 - Found ICSF.rexx (text/plain) in CBT.V505.FILE656.PDS, moved to PDS/ICSF
2023-08-06 06:17:26.474573 - Found IEHL.rexx (text/plain) in CBT.V505.FILE656.PDS, moved to PDS/IEHL
2023-08-06 06:17:26.475639 - Found IMAGEJCL.rexx (text/plain) in CBT.V505.FILE656.PDS, moved to PDS/IMAGEJCL
2023-08-06 06:17:26.476615 - Found IMBED.rexx (text/plain) in CBT.V505.FILE656.PDS, moved to PDS/IMBED
2023-08-06 06:17:26.477629 - Found IMBEDPNL.txt (text/plain) in CBT.V505.FILE656.PDS, moved to PDS/IMBEDPNL
2023-08-06 06:17:26.478567 - Found INIT.rexx (text/plain) in CBT.V505.FILE656.PDS, moved to PDS/INIT
2023-08-06 06:17:26.479515 - Found INS.rexx (text/plain) in CBT.V505.FILE656.PDS, moved to PDS/INS
2023-08-06 06:17:26.480447 - Found INSTREAM.rexx (text/plain) in CBT.V505.FILE656.PDS, moved to PDS/INSTREAM
2023-08-06 06:17:26.481472 - Found ISPCMDU.rexx (text/plain) in CBT.V505.FILE656.PDS, moved to PDS/ISPCMDU
2023-08-06 06:17:26.482439 - Found ISUB.rexx (text/plain) in CBT.V505.FILE656.PDS, moved to PDS/ISUB
2023-08-06 06:17:26.483358 - Found JC.rexx (text/plain) in CBT.V505.FILE656.PDS, moved to PDS/JC
2023-08-06 06:17:26.484352 - Found JC2.rexx (text/plain) in CBT.V505.FILE656.PDS, moved to PDS/JC2
2023-08-06 06:17:26.485240 - Found JOBNAME.rexx (text/plain) in CBT.V505.FILE656.PDS, moved to PDS/JOBNAME
2023-08-06 06:17:26.486239 - Found JSEND.rexx (text/plain) in CBT.V505.FILE656.PDS, moved to PDS/JSEND
2023-08-06 06:17:26.487244 - Found J2S.rexx (text/plain) in CBT.V505.FILE656.PDS, moved to PDS/J2S
2023-08-06 06:17:26.488217 - Found KILL.txt (text/plain) in CBT.V505.FILE656.PDS, moved to PDS/KILL
2023-08-06 06:17:26.489181 - Found LASTJCL.rexx (text/plain) in CBT.V505.FILE656.PDS, moved to PDS/LASTJCL
2023-08-06 06:17:26.490235 - Found LASTMM.rexx (text/plain) in CBT.V505.FILE656.PDS, moved to PDS/LASTMM
2023-08-06 06:17:26.491220 - Found LEN.rexx (text/plain) in CBT.V505.FILE656.PDS, moved to PDS/LEN
2023-08-06 06:17:26.492184 - Found LIBRARN.rexx (text/plain) in CBT.V505.FILE656.PDS, moved to PDS/LIBRARN
2023-08-06 06:17:26.493157 - Found LISTALL.rexx (text/plain) in CBT.V505.FILE656.PDS, moved to PDS/LISTALL
2023-08-06 06:17:26.494061 - Found LOCDD.rexx (text/plain) in CBT.V505.FILE656.PDS, moved to PDS/LOCDD
2023-08-06 06:17:26.495056 - Found LOGONCMD.rexx (text/plain) in CBT.V505.FILE656.PDS, moved to PDS/LOGONCMD
2023-08-06 06:17:26.496056 - Found LOOKE.rexx (text/plain) in CBT.V505.FILE656.PDS, moved to PDS/LOOKE
2023-08-06 06:17:26.497080 - Found LRECL.rexx (text/plain) in CBT.V505.FILE656.PDS, moved to PDS/LRECL
2023-08-06 06:17:26.498072 - Found LS.rexx (text/plain) in CBT.V505.FILE656.PDS, moved to PDS/LS
2023-08-06 06:17:26.499077 - Found LSPNL.txt (text/plain) in CBT.V505.FILE656.PDS, moved to PDS/LSPNL
2023-08-06 06:17:26.499093 - Found MAIN.bin containing application/octet-stream, moved to PDS/MAIN
2023-08-06 06:17:26.501124 - Found MAKEJCL.rexx (text/plain) in CBT.V505.FILE656.PDS, moved to PDS/MAKEJCL
2023-08-06 06:17:26.502115 - Found MASSCOPY.rexx (text/plain) in CBT.V505.FILE656.PDS, moved to PDS/MASSCOPY
2023-08-06 06:17:26.503010 - Found MASSDEL.rexx (text/plain) in CBT.V505.FILE656.PDS, moved to PDS/MASSDEL
2023-08-06 06:17:26.503977 - Found MASSDELP.rexx (text/plain) in CBT.V505.FILE656.PDS, moved to PDS/MASSDELP
2023-08-06 06:17:26.504984 - Found MASSSTAT.rexx (text/plain) in CBT.V505.FILE656.PDS, moved to PDS/MASSSTAT
2023-08-06 06:17:26.505853 - Found MEMBER.rexx (text/plain) in CBT.V505.FILE656.PDS, moved to PDS/MEMBER
2023-08-06 06:17:26.506806 - Found MQRC.rexx (text/plain) in CBT.V505.FILE656.PDS, moved to PDS/MQRC
2023-08-06 06:17:26.507723 - Found MSGPNL.txt (text/plain) in CBT.V505.FILE656.PDS, moved to PDS/MSGPNL
2023-08-06 06:17:26.508687 - Found NAB.rexx (text/plain) in CBT.V505.FILE656.PDS, moved to PDS/NAB
2023-08-06 06:17:26.509557 - Found NOTMACRO.rexx (text/plain) in CBT.V505.FILE656.PDS, moved to PDS/NOTMACRO
2023-08-06 06:17:26.510548 - Found ONLY.rexx (text/plain) in CBT.V505.FILE656.PDS, moved to PDS/ONLY
2023-08-06 06:17:26.511505 - Found OPENTAB.rexx (text/plain) in CBT.V505.FILE656.PDS, moved to PDS/OPENTAB
2023-08-06 06:17:26.512405 - Found PAD.rexx (text/plain) in CBT.V505.FILE656.PDS, moved to PDS/PAD
2023-08-06 06:17:26.513376 - Found PATTERN.rexx (text/plain) in CBT.V505.FILE656.PDS, moved to PDS/PATTERN
2023-08-06 06:17:26.514343 - Found PROFDUMP.rexx (text/plain) in CBT.V505.FILE656.PDS, moved to PDS/PROFDUMP
2023-08-06 06:17:26.515297 - Found PROFILE.rexx (text/plain) in CBT.V505.FILE656.PDS, moved to PDS/PROFILE
2023-08-06 06:17:26.516300 - Found PROGBAR.rexx (text/plain) in CBT.V505.FILE656.PDS, moved to PDS/PROGBAR
2023-08-06 06:17:26.517256 - Found PROGPNL.txt (text/plain) in CBT.V505.FILE656.PDS, moved to PDS/PROGPNL
2023-08-06 06:17:26.518159 - Found PROGRESS.rexx (text/plain) in CBT.V505.FILE656.PDS, moved to PDS/PROGRESS
2023-08-06 06:17:26.519042 - Found PT.rexx (text/plain) in CBT.V505.FILE656.PDS, moved to PDS/PT
2023-08-06 06:17:26.519953 - Found QB.rexx (text/plain) in CBT.V505.FILE656.PDS, moved to PDS/QB
2023-08-06 06:17:26.520889 - Found QBASE.rexx (text/plain) in CBT.V505.FILE656.PDS, moved to PDS/QBASE
2023-08-06 06:17:26.521858 - Found QC.rexx (text/plain) in CBT.V505.FILE656.PDS, moved to PDS/QC
2023-08-06 06:17:26.522778 - Found QCC.rexx (text/plain) in CBT.V505.FILE656.PDS, moved to PDS/QCC
2023-08-06 06:17:26.523682 - Found QD.rexx (text/plain) in CBT.V505.FILE656.PDS, moved to PDS/QD
2023-08-06 06:17:26.524594 - Found QE.rexx (text/plain) in CBT.V505.FILE656.PDS, moved to PDS/QE
2023-08-06 06:17:26.525526 - Found QH.rexx (text/plain) in CBT.V505.FILE656.PDS, moved to PDS/QH
2023-08-06 06:17:26.526494 - Found QI.rexx (text/plain) in CBT.V505.FILE656.PDS, moved to PDS/QI
2023-08-06 06:17:26.527427 - Found QIPNL.txt (text/plain) in CBT.V505.FILE656.PDS, moved to PDS/QIPNL
2023-08-06 06:17:26.528370 - Found QL.rexx (text/plain) in CBT.V505.FILE656.PDS, moved to PDS/QL
2023-08-06 06:17:26.529299 - Found QM.rexx (text/plain) in CBT.V505.FILE656.PDS, moved to PDS/QM
2023-08-06 06:17:26.530228 - Found QMPNL.txt (text/plain) in CBT.V505.FILE656.PDS, moved to PDS/QMPNL
2023-08-06 06:17:26.531171 - Found QN.rexx (text/plain) in CBT.V505.FILE656.PDS, moved to PDS/QN
2023-08-06 06:17:26.532131 - Found QR.rexx (text/plain) in CBT.V505.FILE656.PDS, moved to PDS/QR
2023-08-06 06:17:26.533109 - Found QS.rexx (text/plain) in CBT.V505.FILE656.PDS, moved to PDS/QS
2023-08-06 06:17:26.533990 - Found QV.rexx (text/plain) in CBT.V505.FILE656.PDS, moved to PDS/QV
2023-08-06 06:17:26.534945 - Found REFDD.rexx (text/plain) in CBT.V505.FILE656.PDS, moved to PDS/REFDD
2023-08-06 06:17:26.535868 - Found REX.rexx (text/plain) in CBT.V505.FILE656.PDS, moved to PDS/REX
2023-08-06 06:17:26.536804 - Found REXE.rexx (text/plain) in CBT.V505.FILE656.PDS, moved to PDS/REXE
2023-08-06 06:17:26.537725 - Found REXI.rexx (text/plain) in CBT.V505.FILE656.PDS, moved to PDS/REXI
2023-08-06 06:17:26.538616 - Found REXXTRY.rexx (text/plain) in CBT.V505.FILE656.PDS, moved to PDS/REXXTRY
2023-08-06 06:17:26.539548 - Found RUNSQL.rexx (text/plain) in CBT.V505.FILE656.PDS, moved to PDS/RUNSQL
2023-08-06 06:17:26.540376 - Found SAMPLECL.rexx (text/plain) in CBT.V505.FILE656.PDS, moved to PDS/SAMPLECL
2023-08-06 06:17:26.541219 - Found SDSFREXX.rexx (text/plain) in CBT.V505.FILE656.PDS, moved to PDS/SDSFREXX
2023-08-06 06:17:26.542158 - Found SDSFST.rexx (text/plain) in CBT.V505.FILE656.PDS, moved to PDS/SDSFST
2023-08-06 06:17:26.543108 - Found SHADOW.txt (text/plain) in CBT.V505.FILE656.PDS, moved to PDS/SHADOW
2023-08-06 06:17:26.543948 - Found SHOWBAR.rexx (text/plain) in CBT.V505.FILE656.PDS, moved to PDS/SHOWBAR
2023-08-06 06:17:26.544763 - Found SITECMDS.rexx (text/plain) in CBT.V505.FILE656.PDS, moved to PDS/SITECMDS
2023-08-06 06:17:26.545580 - Found SJ.rexx (text/plain) in CBT.V505.FILE656.PDS, moved to PDS/SJ
2023-08-06 06:17:26.546490 - Found SL.rexx (text/plain) in CBT.V505.FILE656.PDS, moved to PDS/SL
2023-08-06 06:17:26.547427 - Found SLEEP.rexx (text/plain) in CBT.V505.FILE656.PDS, moved to PDS/SLEEP
2023-08-06 06:17:26.548307 - Found SMS.rexx (text/plain) in CBT.V505.FILE656.PDS, moved to PDS/SMS
2023-08-06 06:17:26.549133 - Found SMSPNL.txt (text/plain) in CBT.V505.FILE656.PDS, moved to PDS/SMSPNL
2023-08-06 06:17:26.550051 - Found SQLC.rexx (text/plain) in CBT.V505.FILE656.PDS, moved to PDS/SQLC
2023-08-06 06:17:26.550996 - Found SRCHLIST.rexx (text/plain) in CBT.V505.FILE656.PDS, moved to PDS/SRCHLIST
2023-08-06 06:17:26.551859 - Found STEMVAR.rexx (text/plain) in CBT.V505.FILE656.PDS, moved to PDS/STEMVAR
2023-08-06 06:17:26.552646 - Found SUBSYS.rexx (text/plain) in CBT.V505.FILE656.PDS, moved to PDS/SUBSYS
2023-08-06 06:17:26.553592 - Found SUICIDE.rexx (text/plain) in CBT.V505.FILE656.PDS, moved to PDS/SUICIDE
2023-08-06 06:17:26.554537 - Found SWID.rexx (text/plain) in CBT.V505.FILE656.PDS, moved to PDS/SWID
2023-08-06 06:17:26.555382 - Found TBV.rexx (text/plain) in CBT.V505.FILE656.PDS, moved to PDS/TBV
2023-08-06 06:17:26.556306 - Found TBVIEW.rexx (text/plain) in CBT.V505.FILE656.PDS, moved to PDS/TBVIEW
2023-08-06 06:17:26.557179 - Found TBVWPNL.txt (text/plain) in CBT.V505.FILE656.PDS, moved to PDS/TBVWPNL
2023-08-06 06:17:26.558066 - Found TESTBAR.rexx (text/plain) in CBT.V505.FILE656.PDS, moved to PDS/TESTBAR
2023-08-06 06:17:26.558983 - Found THINK.rexx (text/plain) in CBT.V505.FILE656.PDS, moved to PDS/THINK
2023-08-06 06:17:26.559824 - Found TIDYUP.rexx (text/plain) in CBT.V505.FILE656.PDS, moved to PDS/TIDYUP
2023-08-06 06:17:26.560638 - Found TOVIEW.rexx (text/plain) in CBT.V505.FILE656.PDS, moved to PDS/TOVIEW
2023-08-06 06:17:26.561527 - Found UCOM.rexx (text/plain) in CBT.V505.FILE656.PDS, moved to PDS/UCOM
2023-08-06 06:17:26.562489 - Found UCOMSQL.rexx (text/plain) in CBT.V505.FILE656.PDS, moved to PDS/UCOMSQL
2023-08-06 06:17:26.563392 - Found UNAME.rexx (text/plain) in CBT.V505.FILE656.PDS, moved to PDS/UNAME
2023-08-06 06:17:26.564245 - Found USERNAME.rexx (text/plain) in CBT.V505.FILE656.PDS, moved to PDS/USERNAME
2023-08-06 06:17:26.565069 - Found UTILPNL.txt (text/plain) in CBT.V505.FILE656.PDS, moved to PDS/UTILPNL
2023-08-06 06:17:26.565952 - Found UTILSTAT.rexx (text/plain) in CBT.V505.FILE656.PDS, moved to PDS/UTILSTAT
2023-08-06 06:17:26.566807 - Found VB.rexx (text/plain) in CBT.V505.FILE656.PDS, moved to PDS/VB
2023-08-06 06:17:26.567728 - Found VBKEY.rexx (text/plain) in CBT.V505.FILE656.PDS, moved to PDS/VBKEY
2023-08-06 06:17:26.568676 - Found WAIT.rexx (text/plain) in CBT.V505.FILE656.PDS, moved to PDS/WAIT
2023-08-06 06:17:26.569642 - Found WHOPDS.rexx (text/plain) in CBT.V505.FILE656.PDS, moved to PDS/WHOPDS
2023-08-06 06:17:26.570510 - Found WILDEL.rexx (text/plain) in CBT.V505.FILE656.PDS, moved to PDS/WILDEL
2023-08-06 06:17:26.571406 - Found XCOPY.rexx (text/plain) in CBT.V505.FILE656.PDS, moved to PDS/XCOPY
2023-08-06 06:17:26.572220 - Found YESNOPNL.txt (text/plain) in CBT.V505.FILE656.PDS, moved to PDS/YESNOPNL
2023-08-06 06:17:26.573063 - Found ZAPPDS.rexx (text/plain) in CBT.V505.FILE656.PDS, moved to PDS/ZAPPDS
2023-08-06 06:17:26.573966 - Found ZAPSHELL.rexx (text/plain) in CBT.V505.FILE656.PDS, moved to PDS/ZAPSHELL
